 Connected to lenovo at 02:35PM March 22, 2017 -------
Commands Sent:
 Connected to lenovo at 02:36PM March 22, 2017 -------
Commands Sent:
 Connected to lenovo at 02:40PM March 22, 2017 -------
Commands Sent:
1.Download TCP 2.txt
 Connected to lenovo at 02:41PM March 22, 2017 -------
Commands Sent:
 Connected to lenovo at 02:42PM March 22, 2017 -------
Commands Sent:
1.Download TCP 2.txt
 Connected to lenovo at 02:50PM March 22, 2017 -------
Commands Sent:
1.Download TCP 2.txt
 Connected to lenovo at 02:54PM March 22, 2017 -------
Commands Sent:
1.Download TCP 2.txt
2.Download TCP 1.txt
3.Download TCP b.txt
 Connected to lenovo at 04:24PM March 22, 2017 -------
Commands Sent:
1.Download UDP 2.txt
2.Download UDP a
3.Download UDP 2.txt
 Connected to lenovo at 04:28PM March 22, 2017 -------
Commands Sent:
1.Download UDP 2.txt
 Connected to lenovo at 04:34PM March 22, 2017 -------
Commands Sent:
1.Download UDP 2.txt
 Connected to lenovo at 04:38PM March 22, 2017 -------
Commands Sent:
1.Download UDP 2.txt
 Connected to lenovo at 04:50PM March 22, 2017 -------
Commands Sent:
1.Index longlist
 Connected to lenovo at 04:53PM March 22, 2017 -------
Commands Sent:
1.Download UDP 2.txt
2.Download UDP 1.txt
3.Download UDP 2.txt
4.Download UDP test2
 Connected to lenovo at 05:00PM March 22, 2017 -------
Commands Sent:
1.Index longlist
2.
2.
 Connected to lenovo at 05:03PM March 22, 2017 -------
Commands Sent:
1.Download UDP a
2.Download UDP 2.txt
 Connected to lenovo at 05:05PM March 22, 2017 -------
Commands Sent:
1.Download UDP 2.txt
 Connected to lenovo at 06:04PM March 22, 2017 -------
Commands Sent:
1.Automate
 Connected to lenovo at 06:05PM March 22, 2017 -------
Commands Sent:
1.Automate
 Connected to lenovo at 06:06PM March 22, 2017 -------
Commands Sent:
1.Automate
2.
 Connected to lenovo at 06:14PM March 22, 2017 -------
Commands Sent:
1.Automate
 Connected to lenovo at 06:16PM March 22, 2017 -------
Commands Sent:
1.Automate
 Connected to lenovo at 06:18PM March 22, 2017 -------
Commands Sent:
1.Automate
 Connected to lenovo at 06:19PM March 22, 2017 -------
Commands Sent:
1.Automate
 Connected to lenovo at 06:26PM March 22, 2017 -------
Commands Sent:
1.Automate
 Connected to lenovo at 06:27PM March 22, 2017 -------
Commands Sent:
1.Automate
 Connected to lenovo at 06:28PM March 22, 2017 -------
Commands Sent:
1.Automate
 Connected to lenovo at 06:29PM March 22, 2017 -------
Commands Sent:
1.Automate
 Connected to lenovo at 06:47PM March 22, 2017 -------
Commands Sent:
1.Automate
 Connected to lenovo at 06:51PM March 22, 2017 -------
Commands Sent:
1.Automate
 Connected to lenovo at 06:55PM March 22, 2017 -------
Commands Sent:
1.Automate
 Connected to lenovo at 06:56PM March 22, 2017 -------
Commands Sent:
1.Automate
 Connected to lenovo at 07:20PM March 22, 2017 -------
Commands Sent:
1.Automate
 Connected to lenovo at 07:23PM March 22, 2017 -------
Commands Sent:
1.Automate
 Connected to lenovo at 07:26PM March 22, 2017 -------
Commands Sent:
1.Automate
 Connected to lenovo at 07:26PM March 22, 2017 -------
Commands Sent:
1.Automate
 Connected to lenovo at 07:27PM March 22, 2017 -------
Commands Sent:
1.Automate
 Connected to lenovo at 07:28PM March 22, 2017 -------
Commands Sent:
1.Automate
 Connected to lenovo at 07:29PM March 22, 2017 -------
Commands Sent:
1.Automate
 Connected to lenovo at 07:30PM March 22, 2017 -------
Commands Sent:
1.Automate
 Connected to lenovo at 07:31PM March 22, 2017 -------
Commands Sent:
1.Automate
 Connected to lenovo at 07:32PM March 22, 2017 -------
Commands Sent:
1.Automate
 Connected to lenovo at 07:33PM March 22, 2017 -------
Commands Sent:
1.Automate
 Connected to lenovo at 07:35PM March 22, 2017 -------
Commands Sent:
1.Automate
 Connected to lenovo at 07:36PM March 22, 2017 -------
Commands Sent:
1.Automate
 Connected to lenovo at 07:38PM March 22, 2017 -------
Commands Sent:
1.Automate
 Connected to lenovo at 07:40PM March 22, 2017 -------
Commands Sent:
1.Automate
 Connected to lenovo at 07:46PM March 22, 2017 -------
Commands Sent:
1.Automate
 Connected to lenovo at 07:53PM March 22, 2017 -------
Commands Sent:
1.Automate
 Connected to lenovo at 07:55PM March 22, 2017 -------
Commands Sent:
1.Automate
 Connected to lenovo at 07:55PM March 22, 2017 -------
Commands Sent:
1.Automate
 Connected to lenovo at 07:55PM March 22, 2017 -------
Commands Sent:
1.Automate
 Connected to lenovo at 07:59PM March 22, 2017 -------
Commands Sent:
1.Automate
 Connected to lenovo at 08:00PM March 22, 2017 -------
Commands Sent:
1.Automate
 Connected to lenovo at 08:01PM March 22, 2017 -------
Commands Sent:
1.Automate
 Connected to lenovo at 08:02PM March 22, 2017 -------
Commands Sent:
1.Automate
 Connected to lenovo at 08:04PM March 22, 2017 -------
Commands Sent:
1.Automate
 Connected to lenovo at 08:06PM March 22, 2017 -------
Commands Sent:
1.Automate
 Connected to lenovo at 08:06PM March 22, 2017 -------
Commands Sent:
1.
1.exit
---------Connection closed to server at 08:06PM March 22, 2017-----------
 Connected to lenovo at 08:34PM March 22, 2017 -------
Commands Sent:
1.Automate
 Connected to lenovo at 08:34PM March 22, 2017 -------
Commands Sent:
1.Automate
 Connected to lenovo at 08:35PM March 22, 2017 -------
Commands Sent:
1.Automate
 Connected to lenovo at 08:36PM March 22, 2017 -------
Commands Sent:
1.Automate
 Connected to lenovo at 08:37PM March 22, 2017 -------
Commands Sent:
1.Automate
 Connected to lenovo at 08:39PM March 22, 2017 -------
Commands Sent:
1.Automate
 Connected to lenovo at 08:42PM March 22, 2017 -------
Commands Sent:
1.Automate
 Connected to lenovo at 08:42PM March 22, 2017 -------
Commands Sent:
1.Automate
 Connected to lenovo at 08:44PM March 22, 2017 -------
Commands Sent:
1.Automate
 Connected to lenovo at 08:45PM March 22, 2017 -------
Commands Sent:
1.Automate
 Connected to lenovo at 08:47PM March 22, 2017 -------
Commands Sent:
1.Automate
 Connected to lenovo at 08:48PM March 22, 2017 -------
Commands Sent:
1.Automate
 Connected to lenovo at 08:50PM March 22, 2017 -------
Commands Sent:
1.Automate
 Connected to lenovo at 08:51PM March 22, 2017 -------
Commands Sent:
1.Automate
 Connected to lenovo at 08:53PM March 22, 2017 -------
Commands Sent:
1.Automate
 Connected to lenovo at 08:55PM March 22, 2017 -------
Commands Sent:
1.Automate
 Connected to lenovo at 08:56PM March 22, 2017 -------
Commands Sent:
1.Automate
 Connected to lenovo at 08:57PM March 22, 2017 -------
Commands Sent:
1.Automate
 Connected to lenovo at 08:58PM March 22, 2017 -------
Commands Sent:
1.Automate
 Connected to lenovo at 09:01PM March 22, 2017 -------
Commands Sent:
1.Automate
 Connected to lenovo at 09:08PM March 22, 2017 -------
Commands Sent:
1.Automate
 Connected to lenovo at 09:10PM March 22, 2017 -------
Commands Sent:
1.Automate
 Connected to lenovo at 09:10PM March 22, 2017 -------
Commands Sent:
1.Automate
 Connected to lenovo at 09:12PM March 22, 2017 -------
Commands Sent:
1.Automate
 Connected to lenovo at 09:13PM March 22, 2017 -------
Commands Sent:
1.Automate
 Connected to lenovo at 09:15PM March 22, 2017 -------
Commands Sent:
1.Automate
 Connected to lenovo at 09:42PM March 22, 2017 -------
Commands Sent:
1.Automate
 Connected to lenovo at 09:47PM March 22, 2017 -------
Commands Sent:
1.Automate
 Connected to lenovo at 09:48PM March 22, 2017 -------
Commands Sent:
1.Automate
 Connected to lenovo at 09:50PM March 22, 2017 -------
Commands Sent:
1.Automate
 Connected to lenovo at 09:51PM March 22, 2017 -------
Commands Sent:
1.Automate
 Connected to lenovo at 09:55PM March 22, 2017 -------
Commands Sent:
1.Automate
 Connected to lenovo at 09:56PM March 22, 2017 -------
Commands Sent:
1.Automate
 Connected to lenovo at 09:58PM March 22, 2017 -------
Commands Sent:
1.Automate
 Connected to lenovo at 10:01PM March 22, 2017 -------
Commands Sent:
1.Automate
 Connected to lenovo at 10:04PM March 22, 2017 -------
Commands Sent:
1.Automate
 Connected to lenovo at 10:05PM March 22, 2017 -------
Commands Sent:
1.Automate
 Connected to lenovo at 10:07PM March 22, 2017 -------
Commands Sent:
1.Automate
 Connected to lenovo at 10:09PM March 22, 2017 -------
Commands Sent:
1.Automate
 Connected to lenovo at 10:10PM March 22, 2017 -------
Commands Sent:
1.Download TCP server.log
 Connected to lenovo at 10:11PM March 22, 2017 -------
Commands Sent:
1.Download TCP server.log
 Connected to lenovo at 10:13PM March 22, 2017 -------
Commands Sent:
1.Automate
 Connected to lenovo at 10:15PM March 22, 2017 -------
Commands Sent:
1.Automate
 Connected to lenovo at 10:22PM March 22, 2017 -------
Commands Sent:
1.Automate
 Connected to lenovo at 10:23PM March 22, 2017 -------
Commands Sent:
1.Download TCP server.log
 Connected to lenovo at 10:26PM March 22, 2017 -------
Commands Sent:
1.Automate
 Connected to lenovo at 10:27PM March 22, 2017 -------
Commands Sent:
1.Automate
 Connected to lenovo at 10:28PM March 22, 2017 -------
Commands Sent:
1.Automate
 Connected to lenovo at 10:31PM March 22, 2017 -------
Commands Sent:
1.Automate
 Connected to lenovo at 10:32PM March 22, 2017 -------
Commands Sent:
1.Automate
 Connected to lenovo at 10:39PM March 22, 2017 -------
Commands Sent:
1.Automate
 Connected to lenovo at 10:47PM March 22, 2017 -------
Commands Sent:
1.Automate
 Connected to lenovo at 11:02PM March 22, 2017 -------
Commands Sent:
1.Automate
 Connected to lenovo at 11:06PM March 22, 2017 -------
Commands Sent:
1.Automate
 Connected to lenovo at 11:08PM March 22, 2017 -------
Commands Sent:
1.Automate
 Connected to lenovo at 11:08PM March 22, 2017 -------
Commands Sent:
1.Automate
 Connected to lenovo at 11:13PM March 22, 2017 -------
Commands Sent:
1.Automate
 Connected to lenovo at 11:34PM March 22, 2017 -------
Commands Sent:
1.Automate
2.Automate
 Connected to lenovo at 11:35PM March 22, 2017 -------
Commands Sent:
1.Automate
 Connected to lenovo at 11:36PM March 22, 2017 -------
Commands Sent:
1.Automate
 Connected to lenovo at 11:36PM March 22, 2017 -------
Commands Sent:
1.Automate
 Connected to lenovo at 11:39PM March 22, 2017 -------
Commands Sent:
1.Automate
 Connected to lenovo at 11:42PM March 22, 2017 -------
Commands Sent:
1.Automate
 Connected to lenovo at 11:44PM March 22, 2017 -------
Commands Sent:
1.Automate
 Connected to lenovo at 11:46PM March 22, 2017 -------
Commands Sent:
1.Automate
 Connected to lenovo at 11:47PM March 22, 2017 -------
Commands Sent:
1.Automate
 Connected to lenovo at 11:50PM March 22, 2017 -------
Commands Sent:
1.Index longlist
2.Hash verify 1.txt
3.Hash verify 2.txt
 Connected to lenovo at 01:25PM March 23, 2017 -------
Commands Sent:
1.Automate
 Connected to lenovo at 01:26PM March 23, 2017 -------
Commands Sent:
1.Automate
 Connected to lenovo at 01:27PM March 23, 2017 -------
Commands Sent:
1.Automate
 Connected to lenovo at 01:30PM March 23, 2017 -------
Commands Sent:
1.Automate
 Connected to lenovo at 01:31PM March 23, 2017 -------
Commands Sent:
1.Automate
 Connected to lenovo at 01:33PM March 23, 2017 -------
Commands Sent:
1.Automate
 Connected to lenovo at 01:33PM March 23, 2017 -------
Commands Sent:
1.Automate
 Connected to lenovo at 01:35PM March 23, 2017 -------
Commands Sent:
1.Automate
 Connected to lenovo at 03:39PM March 23, 2017 -------
Commands Sent:
1.Automate
 Connected to lenovo at 03:40PM March 23, 2017 -------
Commands Sent:
1.Automate
 Connected to lenovo at 03:42PM March 23, 2017 -------
Commands Sent:
1.Automate
 Connected to lenovo at 03:43PM March 23, 2017 -------
Commands Sent:
1.Automate
 Connected to lenovo at 03:45PM March 23, 2017 -------
Commands Sent:
1.Automate
 Connected to lenovo at 04:13PM March 23, 2017 -------
Commands Sent:
1.Automate
 Connected to lenovo at 04:14PM March 23, 2017 -------
Commands Sent:
1.Automate
 Connected to lenovo at 04:17PM March 23, 2017 -------
Commands Sent:
1.Automate
 Connected to lenovo at 04:17PM March 23, 2017 -------
Commands Sent:
1.Automate
 Connected to lenovo at 04:21PM March 23, 2017 -------
Commands Sent:
1.Automate
 Connected to lenovo at 05:32PM March 23, 2017 -------
Commands Sent:
1.Automate
 Connected to lenovo at 05:33PM March 23, 2017 -------
Commands Sent:
1.Automate
 Connected to lenovo at 05:49PM March 23, 2017 -------
Commands Sent:
1.Download TCP 1.txt
 Connected to lenovo at 05:50PM March 23, 2017 -------
Commands Sent:
1.Automate
 Connected to lenovo at 05:52PM March 23, 2017 -------
Commands Sent:
1.Automate
2.Automate
 Connected to lenovo at 05:54PM March 23, 2017 -------
Commands Sent:
1.Automate
2.Index longlist
3.Automate
4.Automate
